

Microchip MPLAB XC8 Assembler V2.10 build 88905656 
                                                                                               Thu Jan 30 12:26:01 2020

Microchip MPLAB XC8 C Compiler v2.10 (Free license) build 20190730164152 Og1 
     1                           	processor	16F887
     2                           	opt	pw 120
     3                           	opt	flic
     4                           	psect	nvCOMMON,global,class=COMMON,space=1,delta=1
     5                           	psect	cinit,global,class=CODE,merge=1,delta=2
     6                           	psect	bssCOMMON,global,class=COMMON,space=1,delta=1
     7                           	psect	cstackCOMMON,global,class=COMMON,space=1,delta=1
     8                           	psect	maintext,global,class=CODE,split=1,delta=2
     9                           	psect	text1,local,class=CODE,merge=1,delta=2
    10                           	psect	text2,local,class=CODE,merge=1,delta=2
    11                           	psect	text3,local,class=CODE,merge=1,delta=2
    12                           	psect	text4,local,class=CODE,merge=1,delta=2
    13                           	psect	text5,local,class=CODE,merge=1,delta=2
    14                           	dabs	1,0x7E,2
    15  0000                     
    16                           ; Version 2.10
    17                           ; Generated 31/07/2019 GMT
    18                           ; 
    19                           ; Copyright © 2019, Microchip Technology Inc. and its subsidiaries ("Microchip")
    20                           ; All rights reserved.
    21                           ; 
    22                           ; This software is developed by Microchip Technology Inc. and its subsidiaries ("Microch
      +                          ip").
    23                           ; 
    24                           ; Redistribution and use in source and binary forms, with or without modification, are
    25                           ; permitted provided that the following conditions are met:
    26                           ; 
    27                           ;     1. Redistributions of source code must retain the above copyright notice, this lis
      +                          t of
    28                           ;        conditions and the following disclaimer.
    29                           ; 
    30                           ;     2. Redistributions in binary form must reproduce the above copyright notice, this 
      +                          list
    31                           ;        of conditions and the following disclaimer in the documentation and/or other
    32                           ;        materials provided with the distribution.
    33                           ; 
    34                           ;     3. Microchip's name may not be used to endorse or promote products derived from th
      +                          is
    35                           ;        software without specific prior written permission.
    36                           ; 
    37                           ; THIS SOFTWARE IS PROVIDED BY MICROCHIP "AS IS" AND ANY EXPRESS OR IMPLIED WARRANTIES,
    38                           ; INCLUDING, BUT NOT LIMITED TO, THE IMPLIED WARRANTIES OF MERCHANTABILITY AND FITNESS F
      +                          OR
    39                           ; PURPOSE ARE DISCLAIMED.  IN NO EVENT SHALL MICROCHIP BE LIABLE FOR ANY DIRECT, INDIREC
      +                          T,
    40                           ; INCIDENTAL, SPECIAL, EXEMPLARY, OR CONSEQUENTIAL DAMAGES (INCLUDING BUT NOT LIMITED TO
    41                           ; PROCUREMENT OF SUBSTITUTE GOODS OR SERVICES; LOSS OF USE, DATA OR PROFITS; OR BUSINESS
    42                           ; INTERRUPTION) HOWSOEVER CAUSED AND ON ANY THEORY OF LIABILITY, WHETHER IN CONTRACT, ST
      +                          RICT
    43                           ; LIABILITY, OR TORT (INCLUDING NEGLIGENCE OR OTHERWISE) ARISING IN ANY WAY OUT OF THE U
      +                          SE OF
    44                           ; THIS SOFTWARE, EVEN IF ADVISED OF THE POSSIBILITY OF SUCH DAMAGE.
    45                           ; 
    46                           ; 
    47                           ; Code-generator required, PIC16F887 Definitions
    48                           ; 
    49                           ; SFR Addresses
    50  0000                     	;# 
    51  0001                     	;# 
    52  0002                     	;# 
    53  0003                     	;# 
    54  0004                     	;# 
    55  0005                     	;# 
    56  0006                     	;# 
    57  0007                     	;# 
    58  0008                     	;# 
    59  0009                     	;# 
    60  000A                     	;# 
    61  000B                     	;# 
    62  000C                     	;# 
    63  000D                     	;# 
    64  000E                     	;# 
    65  000E                     	;# 
    66  000F                     	;# 
    67  0010                     	;# 
    68  0011                     	;# 
    69  0012                     	;# 
    70  0013                     	;# 
    71  0014                     	;# 
    72  0015                     	;# 
    73  0015                     	;# 
    74  0016                     	;# 
    75  0017                     	;# 
    76  0018                     	;# 
    77  0019                     	;# 
    78  001A                     	;# 
    79  001B                     	;# 
    80  001B                     	;# 
    81  001C                     	;# 
    82  001D                     	;# 
    83  001E                     	;# 
    84  001F                     	;# 
    85  0081                     	;# 
    86  0085                     	;# 
    87  0086                     	;# 
    88  0087                     	;# 
    89  0088                     	;# 
    90  0089                     	;# 
    91  008C                     	;# 
    92  008D                     	;# 
    93  008E                     	;# 
    94  008F                     	;# 
    95  0090                     	;# 
    96  0091                     	;# 
    97  0092                     	;# 
    98  0093                     	;# 
    99  0093                     	;# 
   100  0093                     	;# 
   101  0094                     	;# 
   102  0095                     	;# 
   103  0096                     	;# 
   104  0097                     	;# 
   105  0098                     	;# 
   106  0099                     	;# 
   107  009A                     	;# 
   108  009B                     	;# 
   109  009C                     	;# 
   110  009D                     	;# 
   111  009E                     	;# 
   112  009F                     	;# 
   113  0105                     	;# 
   114  0107                     	;# 
   115  0108                     	;# 
   116  0109                     	;# 
   117  010C                     	;# 
   118  010C                     	;# 
   119  010D                     	;# 
   120  010E                     	;# 
   121  010F                     	;# 
   122  0185                     	;# 
   123  0187                     	;# 
   124  0188                     	;# 
   125  0189                     	;# 
   126  018C                     	;# 
   127  018D                     	;# 
   128  0000                     	;# 
   129  0001                     	;# 
   130  0002                     	;# 
   131  0003                     	;# 
   132  0004                     	;# 
   133  0005                     	;# 
   134  0006                     	;# 
   135  0007                     	;# 
   136  0008                     	;# 
   137  0009                     	;# 
   138  000A                     	;# 
   139  000B                     	;# 
   140  000C                     	;# 
   141  000D                     	;# 
   142  000E                     	;# 
   143  000E                     	;# 
   144  000F                     	;# 
   145  0010                     	;# 
   146  0011                     	;# 
   147  0012                     	;# 
   148  0013                     	;# 
   149  0014                     	;# 
   150  0015                     	;# 
   151  0015                     	;# 
   152  0016                     	;# 
   153  0017                     	;# 
   154  0018                     	;# 
   155  0019                     	;# 
   156  001A                     	;# 
   157  001B                     	;# 
   158  001B                     	;# 
   159  001C                     	;# 
   160  001D                     	;# 
   161  001E                     	;# 
   162  001F                     	;# 
   163  0081                     	;# 
   164  0085                     	;# 
   165  0086                     	;# 
   166  0087                     	;# 
   167  0088                     	;# 
   168  0089                     	;# 
   169  008C                     	;# 
   170  008D                     	;# 
   171  008E                     	;# 
   172  008F                     	;# 
   173  0090                     	;# 
   174  0091                     	;# 
   175  0092                     	;# 
   176  0093                     	;# 
   177  0093                     	;# 
   178  0093                     	;# 
   179  0094                     	;# 
   180  0095                     	;# 
   181  0096                     	;# 
   182  0097                     	;# 
   183  0098                     	;# 
   184  0099                     	;# 
   185  009A                     	;# 
   186  009B                     	;# 
   187  009C                     	;# 
   188  009D                     	;# 
   189  009E                     	;# 
   190  009F                     	;# 
   191  0105                     	;# 
   192  0107                     	;# 
   193  0108                     	;# 
   194  0109                     	;# 
   195  010C                     	;# 
   196  010C                     	;# 
   197  010D                     	;# 
   198  010E                     	;# 
   199  010F                     	;# 
   200  0185                     	;# 
   201  0187                     	;# 
   202  0188                     	;# 
   203  0189                     	;# 
   204  018C                     	;# 
   205  018D                     	;# 
   206                           
   207                           	psect	nvCOMMON
   208  007A                     __pnvCOMMON:	
   209  007A                     _jg:	
   210  007A                     	ds	2
   211  0005                     _PORTAbits	set	5
   212  0006                     _PORTB	set	6
   213  0005                     _PORTA	set	5
   214  0007                     _PORTC	set	7
   215  0008                     _PORTDbits	set	8
   216  0088                     _TRISD	set	136
   217  0087                     _TRISC	set	135
   218  0086                     _TRISB	set	134
   219  0085                     _TRISA	set	133
   220  0189                     _ANSELH	set	393
   221  0188                     _ANSEL	set	392
   222                           
   223                           ; #config settings
   224  0000                     
   225                           	psect	cinit
   226  07F8                     start_initialization:	
   227  07F8                     __initialization:	
   228                           
   229                           ; Clear objects allocated to COMMON
   230  07F8  01F6               	clrf	__pbssCOMMON& (0+127)
   231  07F9  01F7               	clrf	(__pbssCOMMON+1)& (0+127)
   232  07FA  01F8               	clrf	(__pbssCOMMON+2)& (0+127)
   233  07FB  01F9               	clrf	(__pbssCOMMON+3)& (0+127)
   234  07FC                     end_of_initialization:	
   235                           ;End of C runtime variable initialization code
   236                           
   237  07FC                     __end_of__initialization:	
   238  07FC  0183               	clrf	3
   239  07FD  120A  118A  2F44   	ljmp	_main	;jump to C main() function
   240                           
   241                           	psect	bssCOMMON
   242  0076                     __pbssCOMMON:	
   243  0076                     _n:	
   244  0076                     	ds	2
   245  0078                     _racer2:	
   246  0078                     	ds	1
   247  0079                     _racer1:	
   248  0079                     	ds	1
   249                           
   250                           	psect	cstackCOMMON
   251  0070                     __pcstackCOMMON:	
   252  0070                     ?_set:	
   253  0070                     ??_set:	
   254                           ; 1 bytes @ 0x0
   255                           
   256  0070                     ?_db:	
   257                           ; 1 bytes @ 0x0
   258                           
   259  0070                     ??_db:	
   260                           ; 1 bytes @ 0x0
   261                           
   262  0070                     ?_carrerauno:	
   263                           ; 1 bytes @ 0x0
   264                           
   265  0070                     ?_delay_ms:	
   266                           ; 1 bytes @ 0x0
   267                           
   268  0070                     ?_main:	
   269                           ; 1 bytes @ 0x0
   270                           
   271  0070                     ?_carrera:	
   272                           ; 1 bytes @ 0x0
   273                           
   274  0070                     delay_ms@dms:	
   275                           ; 1 bytes @ 0x0
   276                           
   277                           
   278                           ; 2 bytes @ 0x0
   279  0070                     	ds	2
   280  0072                     ??_delay_ms:	
   281  0072                     delay_ms@i:	
   282                           ; 1 bytes @ 0x2
   283                           
   284                           
   285                           ; 2 bytes @ 0x2
   286  0072                     	ds	2
   287  0074                     delay_ms@j:	
   288                           
   289                           ; 2 bytes @ 0x4
   290  0074                     	ds	2
   291  0076                     ??_carrerauno:	
   292  0076                     ??_main:	
   293                           ; 1 bytes @ 0x6
   294                           
   295  0076                     ??_carrera:	
   296                           ; 1 bytes @ 0x6
   297                           
   298                           
   299                           	psect	maintext
   300  0744                     __pmaintext:	
   301                           ; 1 bytes @ 0x6
   302 ;;
   303 ;;Main: autosize = 0, tempsize = 0, incstack = 0, save=0
   304 ;;
   305 ;; *************** function _main *****************
   306 ;; Defined at:
   307 ;;		line 44 in file "lab1.c"
   308 ;; Parameters:    Size  Location     Type
   309 ;;		None
   310 ;; Auto vars:     Size  Location     Type
   311 ;;		None
   312 ;; Return value:  Size  Location     Type
   313 ;;                  1    wreg      void 
   314 ;; Registers used:
   315 ;;		wreg, status,2, status,0, btemp+1, pclath, cstack
   316 ;; Tracked objects:
   317 ;;		On entry : B00/0
   318 ;;		On exit  : 0/0
   319 ;;		Unchanged: 0/0
   320 ;; Data sizes:     COMMON   BANK0   BANK1   BANK3   BANK2
   321 ;;      Params:         0       0       0       0       0
   322 ;;      Locals:         0       0       0       0       0
   323 ;;      Temps:          0       0       0       0       0
   324 ;;      Totals:         0       0       0       0       0
   325 ;;Total ram usage:        0 bytes
   326 ;; Hardware stack levels required when called:    3
   327 ;; This function calls:
   328 ;;		_carrerauno
   329 ;;		_db
   330 ;;		_set
   331 ;; This function is called by:
   332 ;;		Startup code after reset
   333 ;; This function uses a non-reentrant model
   334 ;;
   335                           
   336                           
   337                           ;psect for function _main
   338  0744                     _main:	
   339  0744                     l998:	
   340                           ;incstack = 0
   341                           ; Regs used in _main: [wreg+status,2+status,0+btemp+1+pclath+cstack]
   342                           
   343                           
   344                           ;lab1.c: 45:     set();
   345  0744  120A  118A  2772  120A  118A  	fcall	_set
   346  0749                     l55:	
   347                           ;lab1.c: 46:     AQUI:
   348                           
   349                           
   350                           ;lab1.c: 48:     db();
   351  0749  120A  118A  2759  120A  118A  	fcall	_db
   352  074E                     l1000:	
   353                           
   354                           ;lab1.c: 49:     carrerauno();
   355  074E  120A  118A  2738  120A  118A  	fcall	_carrerauno
   356  0753                     l1002:	
   357                           
   358                           ;lab1.c: 50:     n=0;
   359  0753  01F6               	clrf	_n
   360  0754  01F7               	clrf	_n+1
   361                           
   362                           ;lab1.c: 51:     goto AQUI;
   363  0755  2F49               	goto	l55
   364  0756  120A  118A  2800   	ljmp	start
   365  0759                     __end_of_main:	
   366                           
   367                           	psect	text1
   368  0772                     __ptext1:	
   369 ;; *************** function _set *****************
   370 ;; Defined at:
   371 ;;		line 114 in file "lab1.c"
   372 ;; Parameters:    Size  Location     Type
   373 ;;		None
   374 ;; Auto vars:     Size  Location     Type
   375 ;;		None
   376 ;; Return value:  Size  Location     Type
   377 ;;                  1    wreg      void 
   378 ;; Registers used:
   379 ;;		wreg, status,2
   380 ;; Tracked objects:
   381 ;;		On entry : 0/0
   382 ;;		On exit  : 0/0
   383 ;;		Unchanged: 0/0
   384 ;; Data sizes:     COMMON   BANK0   BANK1   BANK3   BANK2
   385 ;;      Params:         0       0       0       0       0
   386 ;;      Locals:         0       0       0       0       0
   387 ;;      Temps:          0       0       0       0       0
   388 ;;      Totals:         0       0       0       0       0
   389 ;;Total ram usage:        0 bytes
   390 ;; Hardware stack levels used:    1
   391 ;; This function calls:
   392 ;;		Nothing
   393 ;; This function is called by:
   394 ;;		_main
   395 ;; This function uses a non-reentrant model
   396 ;;
   397                           
   398                           
   399                           ;psect for function _set
   400  0772                     _set:	
   401  0772                     l790:	
   402                           ;incstack = 0
   403                           ; Regs used in _set: [wreg+status,2]
   404                           
   405                           
   406                           ;lab1.c: 115:     ANSEL = 0;
   407  0772  1683               	bsf	3,5	;RP0=1, select bank3
   408  0773  1703               	bsf	3,6	;RP1=1, select bank3
   409  0774  0188               	clrf	8	;volatile
   410                           
   411                           ;lab1.c: 116:     ANSELH = 0;
   412  0775  0189               	clrf	9	;volatile
   413                           
   414                           ;lab1.c: 117:     TRISA = 0x00;
   415  0776  1683               	bsf	3,5	;RP0=1, select bank1
   416  0777  1303               	bcf	3,6	;RP1=0, select bank1
   417  0778  0185               	clrf	5	;volatile
   418                           
   419                           ;lab1.c: 118:     TRISB = 0x00;
   420  0779  0186               	clrf	6	;volatile
   421                           
   422                           ;lab1.c: 119:     TRISC = 0x00;
   423  077A  0187               	clrf	7	;volatile
   424  077B                     l792:	
   425                           
   426                           ;lab1.c: 120:     TRISD = 0xE0;
   427  077B  30E0               	movlw	224
   428  077C  0088               	movwf	8	;volatile
   429  077D                     l794:	
   430                           
   431                           ;lab1.c: 121:     PORTA = 0x00;
   432  077D  1283               	bcf	3,5	;RP0=0, select bank0
   433  077E  1303               	bcf	3,6	;RP1=0, select bank0
   434  077F  0185               	clrf	5	;volatile
   435  0780                     l796:	
   436                           
   437                           ;lab1.c: 122:     PORTB = 0x00;
   438  0780  0186               	clrf	6	;volatile
   439  0781                     l798:	
   440                           
   441                           ;lab1.c: 123:     PORTC = 0x00;
   442  0781  0187               	clrf	7	;volatile
   443  0782                     l800:	
   444                           
   445                           ;lab1.c: 124:     PORTAbits.RA7 = 0;
   446  0782  1385               	bcf	5,7	;volatile
   447  0783                     l802:	
   448                           
   449                           ;lab1.c: 125:     PORTDbits.RD0 = 0;
   450  0783  1008               	bcf	8,0	;volatile
   451  0784                     l804:	
   452                           
   453                           ;lab1.c: 126:     PORTDbits.RD4 = 0;
   454  0784  1208               	bcf	8,4	;volatile
   455  0785                     l806:	
   456                           
   457                           ;lab1.c: 127:     racer1 = 0;
   458  0785  01F9               	clrf	_racer1
   459  0786                     l808:	
   460                           
   461                           ;lab1.c: 128:     racer2 = 0;
   462  0786  01F8               	clrf	_racer2
   463  0787                     l810:	
   464                           
   465                           ;lab1.c: 129:     n = 0;
   466  0787  01F6               	clrf	_n
   467  0788  01F7               	clrf	_n+1
   468  0789                     l812:	
   469                           
   470                           ;lab1.c: 130:     jg = 1;
   471  0789  3001               	movlw	1
   472  078A  00FA               	movwf	_jg
   473  078B  3000               	movlw	0
   474  078C  00FB               	movwf	_jg+1
   475  078D                     l86:	
   476  078D  0008               	return
   477  078E                     __end_of_set:	
   478                           
   479                           	psect	text2
   480  0759                     __ptext2:	
   481 ;; *************** function _db *****************
   482 ;; Defined at:
   483 ;;		line 87 in file "lab1.c"
   484 ;; Parameters:    Size  Location     Type
   485 ;;		None
   486 ;; Auto vars:     Size  Location     Type
   487 ;;		None
   488 ;; Return value:  Size  Location     Type
   489 ;;                  1    wreg      void 
   490 ;; Registers used:
   491 ;;		wreg, status,2, status,0
   492 ;; Tracked objects:
   493 ;;		On entry : 0/0
   494 ;;		On exit  : 0/0
   495 ;;		Unchanged: 0/0
   496 ;; Data sizes:     COMMON   BANK0   BANK1   BANK3   BANK2
   497 ;;      Params:         0       0       0       0       0
   498 ;;      Locals:         0       0       0       0       0
   499 ;;      Temps:          0       0       0       0       0
   500 ;;      Totals:         0       0       0       0       0
   501 ;;Total ram usage:        0 bytes
   502 ;; Hardware stack levels used:    1
   503 ;; This function calls:
   504 ;;		Nothing
   505 ;; This function is called by:
   506 ;;		_main
   507 ;; This function uses a non-reentrant model
   508 ;;
   509                           
   510                           
   511                           ;psect for function _db
   512  0759                     _db:	
   513  0759                     l814:	
   514                           ;incstack = 0
   515                           ; Regs used in _db: [wreg+status,2+status,0]
   516                           
   517                           
   518                           ;lab1.c: 88:     while (n == 0){
   519  0759  2F6B               	goto	l820
   520  075A                     l71:	
   521                           
   522                           ;lab1.c: 89:         if (PORTDbits.RD7 == 1){
   523  075A  1283               	bcf	3,5	;RP0=0, select bank0
   524  075B  1303               	bcf	3,6	;RP1=0, select bank0
   525  075C  1F88               	btfss	8,7	;volatile
   526  075D  2F5F               	goto	u31
   527  075E  2F60               	goto	u30
   528  075F                     u31:	
   529  075F  2F63               	goto	l818
   530  0760                     u30:	
   531  0760                     l816:	
   532                           
   533                           ;lab1.c: 90:             n = 0;
   534  0760  01F6               	clrf	_n
   535  0761  01F7               	clrf	_n+1
   536                           
   537                           ;lab1.c: 91:         }
   538  0762  2F6B               	goto	l820
   539  0763                     l818:	
   540                           
   541                           ;lab1.c: 93:             n = 1;
   542  0763  3001               	movlw	1
   543  0764  00F6               	movwf	_n
   544  0765  3000               	movlw	0
   545  0766  00F7               	movwf	_n+1
   546                           
   547                           ;lab1.c: 94:             jg = 1;
   548  0767  3001               	movlw	1
   549  0768  00FA               	movwf	_jg
   550  0769  3000               	movlw	0
   551  076A  00FB               	movwf	_jg+1
   552  076B                     l820:	
   553                           
   554                           ;lab1.c: 88:     while (n == 0){
   555  076B  0876               	movf	_n,w
   556  076C  0477               	iorwf	_n+1,w
   557  076D  1903               	btfsc	3,2
   558  076E  2F70               	goto	u41
   559  076F  2F71               	goto	u40
   560  0770                     u41:	
   561  0770  2F5A               	goto	l71
   562  0771                     u40:	
   563  0771                     l75:	
   564  0771  0008               	return
   565  0772                     __end_of_db:	
   566                           
   567                           	psect	text3
   568  0738                     __ptext3:	
   569 ;; *************** function _carrerauno *****************
   570 ;; Defined at:
   571 ;;		line 244 in file "lab1.c"
   572 ;; Parameters:    Size  Location     Type
   573 ;;		None
   574 ;; Auto vars:     Size  Location     Type
   575 ;;		None
   576 ;; Return value:  Size  Location     Type
   577 ;;                  1    wreg      void 
   578 ;; Registers used:
   579 ;;		wreg, status,2, status,0, btemp+1, pclath, cstack
   580 ;; Tracked objects:
   581 ;;		On entry : 0/0
   582 ;;		On exit  : 0/0
   583 ;;		Unchanged: 0/0
   584 ;; Data sizes:     COMMON   BANK0   BANK1   BANK3   BANK2
   585 ;;      Params:         0       0       0       0       0
   586 ;;      Locals:         0       0       0       0       0
   587 ;;      Temps:          0       0       0       0       0
   588 ;;      Totals:         0       0       0       0       0
   589 ;;Total ram usage:        0 bytes
   590 ;; Hardware stack levels used:    1
   591 ;; Hardware stack levels required when called:    2
   592 ;; This function calls:
   593 ;;		_carrera
   594 ;; This function is called by:
   595 ;;		_main
   596 ;; This function uses a non-reentrant model
   597 ;;
   598                           
   599                           
   600                           ;psect for function _carrerauno
   601  0738                     _carrerauno:	
   602  0738                     l994:	
   603                           ;incstack = 0
   604                           ; Regs used in _carrerauno: [wreg+status,2+status,0+btemp+1+pclath+cstack]
   605                           
   606                           
   607                           ;lab1.c: 245:     if (PORTDbits.RD7 == 0){
   608  0738  1283               	bcf	3,5	;RP0=0, select bank0
   609  0739  1303               	bcf	3,6	;RP1=0, select bank0
   610  073A  1B88               	btfsc	8,7	;volatile
   611  073B  2F3D               	goto	u351
   612  073C  2F3E               	goto	u350
   613  073D                     u351:	
   614  073D  2F43               	goto	l152
   615  073E                     u350:	
   616  073E                     l996:	
   617                           
   618                           ;lab1.c: 246:         carrera();
   619  073E  120A  118A  27B7  120A  118A  	fcall	_carrera
   620  0743                     l152:	
   621  0743  0008               	return
   622  0744                     __end_of_carrerauno:	
   623                           
   624                           	psect	text4
   625  07B7                     __ptext4:	
   626 ;; *************** function _carrera *****************
   627 ;; Defined at:
   628 ;;		line 55 in file "lab1.c"
   629 ;; Parameters:    Size  Location     Type
   630 ;;		None
   631 ;; Auto vars:     Size  Location     Type
   632 ;;		None
   633 ;; Return value:  Size  Location     Type
   634 ;;                  1    wreg      void 
   635 ;; Registers used:
   636 ;;		wreg, status,2, status,0, btemp+1, pclath, cstack
   637 ;; Tracked objects:
   638 ;;		On entry : 0/0
   639 ;;		On exit  : 0/0
   640 ;;		Unchanged: 0/0
   641 ;; Data sizes:     COMMON   BANK0   BANK1   BANK3   BANK2
   642 ;;      Params:         0       0       0       0       0
   643 ;;      Locals:         0       0       0       0       0
   644 ;;      Temps:          0       0       0       0       0
   645 ;;      Totals:         0       0       0       0       0
   646 ;;Total ram usage:        0 bytes
   647 ;; Hardware stack levels used:    1
   648 ;; Hardware stack levels required when called:    1
   649 ;; This function calls:
   650 ;;		_delay_ms
   651 ;; This function is called by:
   652 ;;		_carrerauno
   653 ;; This function uses a non-reentrant model
   654 ;;
   655                           
   656                           
   657                           ;psect for function _carrera
   658  07B7                     _carrera:	
   659  07B7                     l962:	
   660                           ;incstack = 0
   661                           ; Regs used in _carrera: [wreg+status,2+status,0+btemp+1+pclath+cstack]
   662                           
   663                           
   664                           ;lab1.c: 56:     PORTDbits.RD3 = 1;
   665  07B7  1283               	bcf	3,5	;RP0=0, select bank0
   666  07B8  1303               	bcf	3,6	;RP1=0, select bank0
   667  07B9  1588               	bsf	8,3	;volatile
   668                           
   669                           ;lab1.c: 57:     PORTDbits.RD2 = 1;
   670  07BA  1508               	bsf	8,2	;volatile
   671                           
   672                           ;lab1.c: 58:     PORTDbits.RD1 = 1;
   673  07BB  1488               	bsf	8,1	;volatile
   674  07BC                     l964:	
   675                           
   676                           ;lab1.c: 59:     PORTC = 0xB6;
   677  07BC  30B6               	movlw	182
   678  07BD  0087               	movwf	7	;volatile
   679  07BE                     l966:	
   680                           
   681                           ;lab1.c: 60:     delay_ms(500);
   682  07BE  30F4               	movlw	244
   683  07BF  00F0               	movwf	delay_ms@dms
   684  07C0  3001               	movlw	1
   685  07C1  00F1               	movwf	delay_ms@dms+1
   686  07C2  120A  118A  278E  120A  118A  	fcall	_delay_ms
   687  07C7                     l968:	
   688                           
   689                           ;lab1.c: 62:     PORTDbits.RD3 = 0;
   690  07C7  1283               	bcf	3,5	;RP0=0, select bank0
   691  07C8  1303               	bcf	3,6	;RP1=0, select bank0
   692  07C9  1188               	bcf	8,3	;volatile
   693  07CA                     l970:	
   694                           
   695                           ;lab1.c: 63:     PORTDbits.RD2 = 1;
   696  07CA  1508               	bsf	8,2	;volatile
   697  07CB                     l972:	
   698                           
   699                           ;lab1.c: 64:     PORTDbits.RD1 = 1;
   700  07CB  1488               	bsf	8,1	;volatile
   701  07CC                     l974:	
   702                           
   703                           ;lab1.c: 65:     PORTC = 0xB3;
   704  07CC  30B3               	movlw	179
   705  07CD  0087               	movwf	7	;volatile
   706                           
   707                           ;lab1.c: 66:     delay_ms(500);
   708  07CE  30F4               	movlw	244
   709  07CF  00F0               	movwf	delay_ms@dms
   710  07D0  3001               	movlw	1
   711  07D1  00F1               	movwf	delay_ms@dms+1
   712  07D2  120A  118A  278E  120A  118A  	fcall	_delay_ms
   713  07D7                     l976:	
   714                           
   715                           ;lab1.c: 68:     PORTDbits.RD3 = 0;
   716  07D7  1283               	bcf	3,5	;RP0=0, select bank0
   717  07D8  1303               	bcf	3,6	;RP1=0, select bank0
   718  07D9  1188               	bcf	8,3	;volatile
   719  07DA                     l978:	
   720                           
   721                           ;lab1.c: 69:     PORTDbits.RD2 = 0;
   722  07DA  1108               	bcf	8,2	;volatile
   723  07DB                     l980:	
   724                           
   725                           ;lab1.c: 70:     PORTDbits.RD1 = 1;
   726  07DB  1488               	bsf	8,1	;volatile
   727  07DC                     l982:	
   728                           
   729                           ;lab1.c: 71:     PORTC = 0x14;
   730  07DC  3014               	movlw	20
   731  07DD  0087               	movwf	7	;volatile
   732  07DE                     l984:	
   733                           
   734                           ;lab1.c: 72:     delay_ms(500);
   735  07DE  30F4               	movlw	244
   736  07DF  00F0               	movwf	delay_ms@dms
   737  07E0  3001               	movlw	1
   738  07E1  00F1               	movwf	delay_ms@dms+1
   739  07E2  120A  118A  278E  120A  118A  	fcall	_delay_ms
   740  07E7                     l986:	
   741                           
   742                           ;lab1.c: 74:     PORTDbits.RD3 = 0;
   743  07E7  1283               	bcf	3,5	;RP0=0, select bank0
   744  07E8  1303               	bcf	3,6	;RP1=0, select bank0
   745  07E9  1188               	bcf	8,3	;volatile
   746  07EA                     l988:	
   747                           
   748                           ;lab1.c: 75:     PORTDbits.RD2 = 0;
   749  07EA  1108               	bcf	8,2	;volatile
   750  07EB                     l990:	
   751                           
   752                           ;lab1.c: 76:     PORTDbits.RD1 = 0;
   753  07EB  1088               	bcf	8,1	;volatile
   754                           
   755                           ;lab1.c: 77:     PORTC = 0x77;
   756  07EC  3077               	movlw	119
   757  07ED  0087               	movwf	7	;volatile
   758  07EE                     l992:	
   759                           
   760                           ;lab1.c: 78:     delay_ms(500);
   761  07EE  30F4               	movlw	244
   762  07EF  00F0               	movwf	delay_ms@dms
   763  07F0  3001               	movlw	1
   764  07F1  00F1               	movwf	delay_ms@dms+1
   765  07F2  120A  118A  278E  120A  118A  	fcall	_delay_ms
   766  07F7                     l59:	
   767  07F7  0008               	return
   768  07F8                     __end_of_carrera:	
   769                           
   770                           	psect	text5
   771  078E                     __ptext5:	
   772 ;; *************** function _delay_ms *****************
   773 ;; Defined at:
   774 ;;		line 81 in file "lab1.c"
   775 ;; Parameters:    Size  Location     Type
   776 ;;  dms             2    0[COMMON] unsigned int 
   777 ;; Auto vars:     Size  Location     Type
   778 ;;  j               2    4[COMMON] int 
   779 ;;  i               2    2[COMMON] int 
   780 ;; Return value:  Size  Location     Type
   781 ;;                  1    wreg      void 
   782 ;; Registers used:
   783 ;;		wreg, status,2, btemp+1
   784 ;; Tracked objects:
   785 ;;		On entry : 0/0
   786 ;;		On exit  : 0/0
   787 ;;		Unchanged: 0/0
   788 ;; Data sizes:     COMMON   BANK0   BANK1   BANK3   BANK2
   789 ;;      Params:         2       0       0       0       0
   790 ;;      Locals:         4       0       0       0       0
   791 ;;      Temps:          0       0       0       0       0
   792 ;;      Totals:         6       0       0       0       0
   793 ;;Total ram usage:        6 bytes
   794 ;; Hardware stack levels used:    1
   795 ;; This function calls:
   796 ;;		Nothing
   797 ;; This function is called by:
   798 ;;		_carrera
   799 ;; This function uses a non-reentrant model
   800 ;;
   801                           
   802                           
   803                           ;psect for function _delay_ms
   804  078E                     _delay_ms:	
   805  078E                     l948:	
   806                           ;incstack = 0
   807                           ; Regs used in _delay_ms: [wreg+status,2+btemp+1]
   808                           
   809                           
   810                           ;lab1.c: 82:     for(int i = 0; i<dms; i++){
   811  078E  01F2               	clrf	delay_ms@i
   812  078F  01F3               	clrf	delay_ms@i+1
   813  0790  2FAC               	goto	l62
   814  0791                     l950:	
   815                           
   816                           ;lab1.c: 83:         for(int j = 0; j<255; j++);
   817  0791  01F4               	clrf	delay_ms@j
   818  0792  01F5               	clrf	delay_ms@j+1
   819  0793                     l956:	
   820  0793  3001               	movlw	1
   821  0794  07F4               	addwf	delay_ms@j,f
   822  0795  1803               	skipnc
   823  0796  0AF5               	incf	delay_ms@j+1,f
   824  0797  3000               	movlw	0
   825  0798  07F5               	addwf	delay_ms@j+1,f
   826  0799                     l958:	
   827  0799  0875               	movf	delay_ms@j+1,w
   828  079A  3A80               	xorlw	128
   829  079B  00FF               	movwf	btemp+1
   830  079C  3080               	movlw	128
   831  079D  027F               	subwf	btemp+1,w
   832  079E  1D03               	skipz
   833  079F  2FA2               	goto	u335
   834  07A0  30FF               	movlw	255
   835  07A1  0274               	subwf	delay_ms@j,w
   836  07A2                     u335:	
   837  07A2  1C03               	skipc
   838  07A3  2FA5               	goto	u331
   839  07A4  2FA6               	goto	u330
   840  07A5                     u331:	
   841  07A5  2F93               	goto	l956
   842  07A6                     u330:	
   843  07A6                     l960:	
   844                           
   845                           ;lab1.c: 84:     }
   846  07A6  3001               	movlw	1
   847  07A7  07F2               	addwf	delay_ms@i,f
   848  07A8  1803               	skipnc
   849  07A9  0AF3               	incf	delay_ms@i+1,f
   850  07AA  3000               	movlw	0
   851  07AB  07F3               	addwf	delay_ms@i+1,f
   852  07AC                     l62:	
   853  07AC  0871               	movf	delay_ms@dms+1,w
   854  07AD  0273               	subwf	delay_ms@i+1,w
   855  07AE  1D03               	skipz
   856  07AF  2FB2               	goto	u345
   857  07B0  0870               	movf	delay_ms@dms,w
   858  07B1  0272               	subwf	delay_ms@i,w
   859  07B2                     u345:	
   860  07B2  1C03               	skipc
   861  07B3  2FB5               	goto	u341
   862  07B4  2FB6               	goto	u340
   863  07B5                     u341:	
   864  07B5  2F91               	goto	l950
   865  07B6                     u340:	
   866  07B6                     l67:	
   867  07B6  0008               	return
   868  07B7                     __end_of_delay_ms:	
   869  007E                     btemp	set	126	;btemp
   870  007E                     wtemp0	set	126


Data Sizes:
    Strings     0
    Constant    0
    Data        0
    BSS         4
    Persistent  2
    Stack       0

Auto Spaces:
    Space          Size  Autos    Used
    COMMON           14      6      12
    BANK0            80      0       0
    BANK1            80      0       0
    BANK3            96      0       0
    BANK2            96      0       0

Pointer List with Targets:

    None.

Critical Paths under _main in COMMON

    _carrera->_delay_ms

Critical Paths under _main in BANK0

    None.

Critical Paths under _main in BANK1

    None.

Critical Paths under _main in BANK3

    None.

Critical Paths under _main in BANK2

    None.

Call Graph Tables:

 ---------------------------------------------------------------------------------
 (Depth) Function   	        Calls       Base Space   Used Autos Params    Refs
 ---------------------------------------------------------------------------------
 (0) _main                                                 0     0      0     396
                         _carrerauno
                                 _db
                                _set
 ---------------------------------------------------------------------------------
 (1) _set                                                  0     0      0       0
 ---------------------------------------------------------------------------------
 (1) _db                                                   0     0      0       0
 ---------------------------------------------------------------------------------
 (1) _carrerauno                                           0     0      0     396
                            _carrera
 ---------------------------------------------------------------------------------
 (2) _carrera                                              0     0      0     396
                           _delay_ms
 ---------------------------------------------------------------------------------
 (3) _delay_ms                                             6     4      2     396
                                              0 COMMON     6     4      2
 ---------------------------------------------------------------------------------
 Estimated maximum stack depth 3
 ---------------------------------------------------------------------------------

 Call Graph Graphs:

 _main (ROOT)
   _carrerauno
     _carrera
       _delay_ms
   _db
   _set

 Address spaces:
Name               Size   Autos  Total    Cost      Usage
BITCOMMON            E      0       0       0        0.0%
EEDATA             100      0       0       0        0.0%
NULL                 0      0       0       0        0.0%
CODE                 0      0       0       0        0.0%
COMMON               E      6       C       1       85.7%
BITSFR0              0      0       0       1        0.0%
SFR0                 0      0       0       1        0.0%
BITSFR1              0      0       0       2        0.0%
SFR1                 0      0       0       2        0.0%
STACK                0      0       0       2        0.0%
ABS                  0      0       C       3        0.0%
BITBANK0            50      0       0       4        0.0%
BITSFR3              0      0       0       4        0.0%
SFR3                 0      0       0       4        0.0%
BANK0               50      0       0       5        0.0%
BITSFR2              0      0       0       5        0.0%
SFR2                 0      0       0       5        0.0%
BITBANK1            50      0       0       6        0.0%
BANK1               50      0       0       7        0.0%
BITBANK3            60      0       0       8        0.0%
BANK3               60      0       0       9        0.0%
BITBANK2            60      0       0      10        0.0%
BANK2               60      0       0      11        0.0%
DATA                 0      0       C      12        0.0%


Microchip Technology PIC Macro Assembler V2.10 build 88905656 
Symbol Table                                                                                   Thu Jan 30 12:26:01 2020

                      _n 0076              __CFG_CP$OFF 0000                       l62 07AC  
                     l71 075A                       l55 0749                       l67 07B6  
                     l59 07F7                       l75 0771                       l86 078D  
                     u30 0760                       u31 075F                       u40 0771  
                     u41 0770                       _db 0759                       _jg 007A  
                    ?_db 0070                      l152 0743                      l800 0782  
                    l810 0787                      l802 0783                      l820 076B  
                    l812 0789                      l804 0784                      l814 0759  
                    l806 0785                      l816 0760                      l808 0786  
                    l818 0763                      l950 0791                      l790 0772  
                    l960 07A6                      l792 077B                      l970 07CA  
                    l962 07B7                      l794 077D                      l956 0793  
                    l948 078E                      l980 07DB                      l972 07CB  
                    l964 07BC                      l796 0780                      l958 0799  
                    l990 07EB                      l982 07DC                      l974 07CC  
                    l966 07BE                      l798 0781                      l992 07EE  
                    l984 07DE                      l976 07D7                      l968 07C7  
                    l986 07E7                      l978 07DA                      l994 0738  
                    l988 07EA                      l996 073E                      l998 0744  
                    u330 07A6                      u331 07A5                      u340 07B6  
                    u341 07B5                      u350 073E                      u335 07A2  
                    u351 073D                      u345 07B2             __CFG_CPD$OFF 0000  
                    _set 0772                     ??_db 0070             __CFG_LVP$OFF 0000  
                   l1000 074E                     l1002 0753                     ?_set 0070  
           __CFG_WRT$OFF 0000                     _main 0744                     btemp 007E  
          __CFG_BOREN$ON 0000                     start 0000            __CFG_IESO$OFF 0000  
          __CFG_MCLRE$ON 0000                    ??_set 0070                    ?_main 0070  
          __CFG_WDTE$OFF 0000                    _ANSEL 0188                    _PORTA 0005  
                  _PORTB 0006                    _PORTC 0007                    _TRISA 0085  
                  _TRISB 0086                    _TRISC 0087                    _TRISD 0088  
        __end_of_carrera 07F8           __CFG_FCMEN$OFF 0000                    status 0003  
                  wtemp0 007E          __initialization 07F8             __end_of_main 0759  
                 ??_main 0076                   _ANSELH 0189         __end_of_delay_ms 07B7  
         __CFG_PWRTE$OFF 0000                   _racer1 0079                   _racer2 0078  
              ??_carrera 0076  __end_of__initialization 07FC           __pcstackCOMMON 0070  
             __end_of_db 0772               __pnvCOMMON 007A               _carrerauno 0738  
             __pmaintext 0744                ?_delay_ms 0070                  _carrera 07B7  
                __ptext1 0772                  __ptext2 0759                  __ptext3 0738  
                __ptext4 07B7                  __ptext5 078E             __size_of_set 001C  
             ??_delay_ms 0072     end_of_initialization 07FC              ?_carrerauno 0070  
              _PORTAbits 0005                _PORTDbits 0008      start_initialization 07F8  
    __size_of_carrerauno 000C              __end_of_set 078E              __pbssCOMMON 0076  
              ___latbits 0002        __size_of_delay_ms 0029   __CFG_FOSC$INTRC_CLKOUT 0000  
               ?_carrera 0070              __size_of_db 0019                delay_ms@i 0072  
              delay_ms@j 0074             ??_carrerauno 0076       __end_of_carrerauno 0744  
       __size_of_carrera 0041                 _delay_ms 078E        __CFG_BOR4V$BOR40V 0000  
          __size_of_main 0015              delay_ms@dms 0070  
